{
    "events": [
        {
            "player": "evan",
            "time": 1431956026.0,
            "type": "AddPlayerEvent"
        },
        {
            "player": "nick",
            "time": 1431956026.0,
            "type": "AddPlayerEvent"
        },
        {
            "player": "andy",
            "time": 1431956026.0,
            "type": "AddPlayerEvent"
        },
        {
            "player": "william",
            "time": 1431956026.0,
            "type": "AddPlayerEvent"
        },
        {
            "command": "andy evan draw nick william",
            "time": 1431956026.0,
            "type": "AddGameEvent"
        },
        {
            "command": "nick william beat andy evan",
            "time": 1431956026.0,
            "type": "AddGameEvent"
        },
        {
            "player": "mark",
            "time": 1431956026.0,
            "type": "AddPlayerEvent"
        },
        {
            "player": "chris",
            "time": 1431956026.0,
            "type": "AddPlayerEvent"
        },
        {
            "command": "mark nick beat chris william",
            "time": 1431956026.0,
            "type": "AddGameEvent"
        },
        {
            "command": "evan nick lost william andy",
            "time": 1431956026.0,
            "type": "AddGameEvent"
        },
        {
            "command": "evan william beat nick chris",
            "time": 1431956026.0,
            "type": "AddGameEvent"
        },
        {
            "command": "evan nick beat chris william",
            "time": 1431956026.0,
            "type": "AddGameEvent"
        },
        {
            "player": "tim",
            "time": 1431956026.0,
            "type": "AddPlayerEvent"
        },
        {
            "command": "evan tim draw andy chris",
            "time": 1431956026.0,
            "type": "AddGameEvent"
        },
        {
            "command": "evan nick beat andy mark",
            "time": 1431956026.0,
            "type": "AddGameEvent"
        },
        {
            "player": "celine",
            "time": 1431956026.0,
            "type": "AddPlayerEvent"
        },
        {
            "command": "william chris beat celine tim",
            "time": 1431956026.0,
            "type": "AddGameEvent"
        },
        {
            "command": "nick chris draw evan william",
            "time": 1431956026.0,
            "type": "AddGameEvent"
        },
        {
            "player": "rowan",
            "time": 1431956026.0,
            "type": "AddPlayerEvent"
        },
        {
            "player": "yen",
            "time": 1431956026.0,
            "type": "AddPlayerEvent"
        },
        {
            "command": "yen rowan beat mark evan",
            "time": 1431956026.0,
            "type": "AddGameEvent"
        },
        {
            "command": "william tim draw nick chris",
            "time": 1431956026.0,
            "type": "AddGameEvent"
        },
        {
            "command": "tim rowan beat evan chris",
            "time": 1431956026.0,
            "type": "AddGameEvent"
        },
        {
            "command": "mark celine beat evan chris",
            "time": 1431956026.0,
            "type": "AddGameEvent"
        },
        {
            "command": "william tim draw chris nick",
            "time": 1431956026.0,
            "type": "AddGameEvent"
        },
        {
            "command": "william evan beat nick tim",
            "time": 1431956026.0,
            "type": "AddGameEvent"
        },
        {
            "player": "keith",
            "time": 1431956026.0,
            "type": "AddPlayerEvent"
        },
        {
            "command": "nick evan beat keith tim",
            "time": 1431956026.0,
            "type": "AddGameEvent"
        },
        {
            "command": "keith evan draw william chris",
            "time": 1431956026.0,
            "type": "AddGameEvent"
        },
        {
            "command": "nick rowan beat william chris",
            "time": 1431956026.0,
            "type": "AddGameEvent"
        },
        {
            "command": "nick mark draw andy evan",
            "time": 1431956026.0,
            "type": "AddGameEvent"
        },
        {
            "command": "william andy draw mark nick",
            "time": 1431956026.0,
            "type": "AddGameEvent"
        },
        {
            "command": "keith andy draw evan nick",
            "time": 1431956026.0,
            "type": "AddGameEvent"
        },
        {
            "command": "andy evan draw chris william",
            "time": 1431956026.0,
            "type": "AddGameEvent"
        },
        {
            "command": "nick keith beat andy mark",
            "time": 1431956026.0,
            "type": "AddGameEvent"
        },
        {
            "command": "william chris beat evan tim",
            "time": 1431956026.0,
            "type": "AddGameEvent"
        },
        {
            "command": "andy celine beat evan nick",
            "time": 1431956026.0,
            "type": "AddGameEvent"
        },
        {
            "command": "william mark beat keith tim",
            "time": 1431956026.0,
            "type": "AddGameEvent"
        },
        {
            "command": "tim nick beat william chris",
            "time": 1431956026.0,
            "type": "AddGameEvent"
        },
        {
            "command": "mark william draw tim nick",
            "time": 1431956026.0,
            "type": "AddGameEvent"
        },
        {
            "command": "evan andy beat chris nick",
            "time": 1431956026.0,
            "type": "AddGameEvent"
        },
        {
            "player": "adam",
            "time": 1431956026.0,
            "type": "AddPlayerEvent"
        },
        {
            "command": "evan adam draw tim chris",
            "time": 1431956026.0,
            "type": "AddGameEvent"
        },
        {
            "command": "andy adam beat tim chris",
            "time": 1431956026.0,
            "type": "AddGameEvent"
        },
        {
            "command": "andy chris beat nick tim",
            "time": 1431956026.0,
            "type": "AddGameEvent"
        },
        {
            "command": "evan william beat chris nick",
            "time": 1431956026.0,
            "type": "AddGameEvent"
        },
        {
            "player": "paul",
            "time": 1431956026.0,
            "type": "AddPlayerEvent"
        },
        {
            "command": "nick adam beat evan keith",
            "time": 1431956026.0,
            "type": "AddGameEvent"
        },
        {
            "command": "william nick beat evan celine",
            "time": 1431956026.0,
            "type": "AddGameEvent"
        },
        {
            "player": "tet",
            "time": 1431956026.0,
            "type": "AddPlayerEvent"
        },
        {
            "command": "tim tet beat chris mark",
            "time": 1431956026.0,
            "type": "AddGameEvent"
        },
        {
            "command": "nick william beat andy keith",
            "time": 1431956026.0,
            "type": "AddGameEvent"
        },
        {
            "command": "evan nick draw andy mark",
            "time": 1431956026.0,
            "type": "AddGameEvent"
        },
        {
            "command": "nick william beat andy keith",
            "time": 1431956026.0,
            "type": "AddGameEvent"
        },
        {
            "command": "evan tim lost william chris",
            "time": 1431956026.0,
            "type": "AddGameEvent"
        },
        {
            "command": "evan nick beat mark andy",
            "time": 1431956026.0,
            "type": "AddGameEvent"
        },
        {
            "command": "andy chris beat william tim",
            "time": 1431956026.0,
            "type": "AddGameEvent"
        },
        {
            "command": "nick rowan beat william keith",
            "time": 1431956026.0,
            "type": "AddGameEvent"
        },
        {
            "player": "chrismc",
            "time": 1431956026.0,
            "type": "AddPlayerEvent"
        },
        {
            "command": "evan chris draw mark tim",
            "time": 1431956026.0,
            "type": "AddGameEvent"
        },
        {
            "command": "rowan nick beat evan andy",
            "time": 1431956026.0,
            "type": "AddGameEvent"
        },
        {
            "command": "william chris draw andy adam",
            "time": 1431956026.0,
            "type": "AddGameEvent"
        },
        {
            "command": "william chris beat tim evan",
            "time": 1431956026.0,
            "type": "AddGameEvent"
        },
        {
            "command": "william nick beat evan andy",
            "time": 1431956026.0,
            "type": "AddGameEvent"
        },
        {
            "command": "andy nick beat evan william",
            "time": 1431956026.0,
            "type": "AddGameEvent"
        },
        {
            "command": "william andy beat nick evan",
            "time": 1431956026.0,
            "type": "AddGameEvent"
        },
        {
            "command": "keith andy beat adam evan",
            "time": 1431956026.0,
            "type": "AddGameEvent"
        },
        {
            "command": "nick andy draw celine william",
            "time": 1431956026.0,
            "type": "AddGameEvent"
        },
        {
            "command": "william nick beat keith andy",
            "time": 1431956026.0,
            "type": "AddGameEvent"
        },
        {
            "command": "william nick beat evan andy",
            "time": 1431956026.0,
            "type": "AddGameEvent"
        },
        {
            "player": "james",
            "time": 1431956026.0,
            "type": "AddPlayerEvent"
        },
        {
            "player": "jiaquan",
            "time": 1431956026.0,
            "type": "AddPlayerEvent"
        },
        {
            "command": "rowan chrismc beat jiaquan james",
            "time": 1431956026.0,
            "type": "AddGameEvent"
        },
        {
            "command": "william andy beat evan rowan",
            "time": 1431956026.0,
            "type": "AddGameEvent"
        },
        {
            "command": "evan andy lost rowan william",
            "time": 1431956026.0,
            "type": "AddGameEvent"
        },
        {
            "command": "evan tet beat william adam",
            "time": 1431956026.0,
            "type": "AddGameEvent"
        },
        {
            "command": "william keith beat evan adam",
            "time": 1431956026.0,
            "type": "AddGameEvent"
        },
        {
            "command": "evan chrismc draw william adam",
            "time": 1431956026.0,
            "type": "AddGameEvent"
        },
        {
            "command": "evan adam lost tet william",
            "time": 1431956026.0,
            "type": "AddGameEvent"
        },
        {
            "command": "evan keith lost william adam",
            "time": 1431956026.0,
            "type": "AddGameEvent"
        },
        {
            "command": "evan william beat mark nick",
            "time": 1431956026.0,
            "type": "AddGameEvent"
        },
        {
            "command": "adam william beat keith nick",
            "time": 1431956026.0,
            "type": "AddGameEvent"
        },
        {
            "command": "evan nick beat mark william",
            "time": 1431956026.0,
            "type": "AddGameEvent"
        },
        {
            "command": "william evan beat nick adam",
            "time": 1431956026.0,
            "type": "AddGameEvent"
        },
        {
            "command": "evan nick draw william adam",
            "time": 1431956026.0,
            "type": "AddGameEvent"
        },
        {
            "command": "william mark lost nick adam",
            "time": 1431956026.0,
            "type": "AddGameEvent"
        },
        {
            "command": "william chris draw evan nick",
            "time": 1431956026.0,
            "type": "AddGameEvent"
        },
        {
            "player": "carlos",
            "time": 1431956026.0,
            "type": "AddPlayerEvent"
        },
        {
            "command": "evan chris beat william adam",
            "time": 1431956026.0,
            "type": "AddGameEvent"
        },
        {
            "player": "claire",
            "time": 1431956026.0,
            "type": "AddPlayerEvent"
        },
        {
            "command": "evan rowan beat claire chris",
            "time": 1431956026.0,
            "type": "AddGameEvent"
        },
        {
            "command": "andy tim draw william evan",
            "time": 1431956026.0,
            "type": "AddGameEvent"
        },
        {
            "command": "chris andy beat keith tim",
            "time": 1431956026.0,
            "type": "AddGameEvent"
        },
        {
            "command": "evan nick beat william adam",
            "time": 1431956026.0,
            "type": "AddGameEvent"
        },
        {
            "command": "nick andy beat william chris",
            "time": 1431956026.0,
            "type": "AddGameEvent"
        },
        {
            "command": "andy chris beat evan tim",
            "time": 1431956026.0,
            "type": "AddGameEvent"
        },
        {
            "command": "william tim beat chris adam",
            "time": 1431956026.0,
            "type": "AddGameEvent"
        },
        {
            "command": "yen rowan beat jiaquan tet",
            "time": 1431956026.0,
            "type": "AddGameEvent"
        },
        {
            "command": "tim nick beat evan chris",
            "type": "AddGameEvent"
        },
        {
            "command": "rowan jiaquan draw yen tet",
            "type": "AddGameEvent"
        },
        {
            "command": "adam celine draw chris tim",
            "type": "AddGameEvent"
        }
    ]
}